<?xml version="1.0" encoding="UTF-8"?>
<coverage generated="1628769807416" clover="3.2.0">
  <project timestamp="1628769807416" name="All files">
    <metrics statements="26" coveredstatements="25" conditionals="8" coveredconditionals="7" methods="5" coveredmethods="5" elements="39" coveredelements="37" complexity="0" loc="26" ncloc="26" packages="2" files="2" classes="2"/>
    <package name="frontend-project-lvl2">
      <metrics statements="0" coveredstatements="0" conditionals="0" coveredconditionals="0" methods="0" coveredmethods="0"/>
      <file name="index.js" path="/Users/artemmalafeev/Учеба/Hexlet Frontend/projects/frontend-project-lvl2/index.js">
        <metrics statements="0" coveredstatements="0" conditionals="0" coveredconditionals="0" methods="0" coveredmethods="0"/>
      </file>
    </package>
    <package name="frontend-project-lvl2.src">
      <metrics statements="26" coveredstatements="25" conditionals="8" coveredconditionals="7" methods="5" coveredmethods="5"/>
      <file name="genDiff.js" path="/Users/artemmalafeev/Учеба/Hexlet Frontend/projects/frontend-project-lvl2/src/genDiff.js">
        <metrics statements="26" coveredstatements="25" conditionals="8" coveredconditionals="7" methods="5" coveredmethods="5"/>
        <line num="5" count="1" type="stmt"/>
        <line num="6" count="4" type="cond" truecount="2" falsecount="0"/>
        <line num="7" count="3" type="stmt"/>
        <line num="10" count="1" type="stmt"/>
        <line num="12" count="1" type="stmt"/>
        <line num="15" count="1" type="stmt"/>
        <line num="16" count="2" type="stmt"/>
        <line num="17" count="2" type="stmt"/>
        <line num="19" count="2" type="cond" truecount="2" falsecount="0"/>
        <line num="20" count="1" type="stmt"/>
        <line num="23" count="1" type="cond" truecount="1" falsecount="1"/>
        <line num="24" count="0" type="stmt"/>
        <line num="27" count="1" type="stmt"/>
        <line num="28" count="1" type="stmt"/>
        <line num="30" count="1" type="stmt"/>
        <line num="31" count="1" type="stmt"/>
        <line num="33" count="1" type="stmt"/>
        <line num="35" count="1" type="stmt"/>
        <line num="36" count="5" type="stmt"/>
        <line num="37" count="5" type="stmt"/>
        <line num="39" count="5" type="cond" truecount="2" falsecount="0"/>
        <line num="40" count="1" type="stmt"/>
        <line num="43" count="4" type="stmt"/>
        <line num="49" count="9" type="stmt"/>
        <line num="50" count="6" type="stmt"/>
        <line num="52" count="1" type="stmt"/>
      </file>
    </package>
  </project>
</coverage>
