{"/Users/artemmalafeev/Учеба/Hexlet Frontend/projects/frontend-project-lvl2/index.js": {"path":"/Users/artemmalafeev/Учеба/Hexlet Frontend/projects/frontend-project-lvl2/index.js","statementMap":{},"fnMap":{},"branchMap":{},"s":{},"f":{},"b":{},"_coverageSchema":"1a1c01bbd47fc00a2c39e90264f33305004495a9","hash":"5411ea842185a809d559878093cd3ba6566345f1"}
,"/Users/artemmalafeev/Учеба/Hexlet Frontend/projects/frontend-project-lvl2/src/genDiff.js": {"path":"/Users/artemmalafeev/Учеба/Hexlet Frontend/projects/frontend-project-lvl2/src/genDiff.js","statementMap":{"0":{"start":{"line":5,"column":20},"end":{"line":13,"column":1}},"1":{"start":{"line":6,"column":2},"end":{"line":8,"column":3}},"2":{"start":{"line":7,"column":4},"end":{"line":7,"column":20}},"3":{"start":{"line":10,"column":23},"end":{"line":10,"column":55}},"4":{"start":{"line":12,"column":2},"end":{"line":12,"column":34}},"5":{"start":{"line":15,"column":16},"end":{"line":53,"column":1}},"6":{"start":{"line":16,"column":25},"end":{"line":16,"column":47}},"7":{"start":{"line":17,"column":25},"end":{"line":17,"column":47}},"8":{"start":{"line":19,"column":2},"end":{"line":21,"column":3}},"9":{"start":{"line":20,"column":4},"end":{"line":20,"column":36}},"10":{"start":{"line":23,"column":2},"end":{"line":25,"column":3}},"11":{"start":{"line":24,"column":4},"end":{"line":24,"column":36}},"12":{"start":{"line":27,"column":16},"end":{"line":27,"column":39}},"13":{"start":{"line":28,"column":16},"end":{"line":28,"column":39}},"14":{"start":{"line":30,"column":16},"end":{"line":30,"column":44}},"15":{"start":{"line":31,"column":16},"end":{"line":31,"column":44}},"16":{"start":{"line":33,"column":15},"end":{"line":33,"column":79}},"17":{"start":{"line":35,"column":15},"end":{"line":50,"column":59}},"18":{"start":{"line":36,"column":19},"end":{"line":36,"column":36}},"19":{"start":{"line":37,"column":19},"end":{"line":37,"column":36}},"20":{"start":{"line":39,"column":4},"end":{"line":41,"column":5}},"21":{"start":{"line":40,"column":6},"end":{"line":40,"column":44}},"22":{"start":{"line":43,"column":4},"end":{"line":47,"column":6}},"23":{"start":{"line":49,"column":27},"end":{"line":49,"column":46}},"24":{"start":{"line":50,"column":27},"end":{"line":50,"column":47}},"25":{"start":{"line":52,"column":2},"end":{"line":52,"column":26}}},"fnMap":{"0":{"name":"(anonymous_0)","decl":{"start":{"line":5,"column":20},"end":{"line":5,"column":21}},"loc":{"start":{"line":5,"column":34},"end":{"line":13,"column":1}},"line":5},"1":{"name":"(anonymous_1)","decl":{"start":{"line":15,"column":16},"end":{"line":15,"column":17}},"loc":{"start":{"line":15,"column":42},"end":{"line":53,"column":1}},"line":15},"2":{"name":"(anonymous_2)","decl":{"start":{"line":35,"column":27},"end":{"line":35,"column":28}},"loc":{"start":{"line":35,"column":41},"end":{"line":48,"column":3}},"line":35},"3":{"name":"(anonymous_3)","decl":{"start":{"line":49,"column":12},"end":{"line":49,"column":13}},"loc":{"start":{"line":49,"column":27},"end":{"line":49,"column":46}},"line":49},"4":{"name":"(anonymous_4)","decl":{"start":{"line":50,"column":9},"end":{"line":50,"column":10}},"loc":{"start":{"line":50,"column":27},"end":{"line":50,"column":47}},"line":50}},"branchMap":{"0":{"loc":{"start":{"line":6,"column":2},"end":{"line":8,"column":3}},"type":"if","locations":[{"start":{"line":6,"column":2},"end":{"line":8,"column":3}},{"start":{"line":6,"column":2},"end":{"line":8,"column":3}}],"line":6},"1":{"loc":{"start":{"line":19,"column":2},"end":{"line":21,"column":3}},"type":"if","locations":[{"start":{"line":19,"column":2},"end":{"line":21,"column":3}},{"start":{"line":19,"column":2},"end":{"line":21,"column":3}}],"line":19},"2":{"loc":{"start":{"line":23,"column":2},"end":{"line":25,"column":3}},"type":"if","locations":[{"start":{"line":23,"column":2},"end":{"line":25,"column":3}},{"start":{"line":23,"column":2},"end":{"line":25,"column":3}}],"line":23},"3":{"loc":{"start":{"line":39,"column":4},"end":{"line":41,"column":5}},"type":"if","locations":[{"start":{"line":39,"column":4},"end":{"line":41,"column":5}},{"start":{"line":39,"column":4},"end":{"line":41,"column":5}}],"line":39}},"s":{"0":1,"1":4,"2":3,"3":1,"4":1,"5":1,"6":2,"7":2,"8":2,"9":1,"10":1,"11":0,"12":1,"13":1,"14":1,"15":1,"16":1,"17":1,"18":5,"19":5,"20":5,"21":1,"22":4,"23":9,"24":6,"25":1},"f":{"0":4,"1":2,"2":5,"3":9,"4":6},"b":{"0":[3,1],"1":[1,1],"2":[0,1],"3":[1,4]},"_coverageSchema":"1a1c01bbd47fc00a2c39e90264f33305004495a9","hash":"b0c9ce9deb53cdb5448978f400a44df10be32986"}
}
