TN:
SF:index.js
FNF:0
FNH:0
LF:0
LH:0
BRF:0
BRH:0
end_of_record
TN:
SF:src/genDiff.js
FN:5,(anonymous_0)
FN:15,(anonymous_1)
FN:35,(anonymous_2)
FN:49,(anonymous_3)
FN:50,(anonymous_4)
FNF:5
FNH:5
FNDA:4,(anonymous_0)
FNDA:2,(anonymous_1)
FNDA:5,(anonymous_2)
FNDA:9,(anonymous_3)
FNDA:6,(anonymous_4)
DA:5,1
DA:6,4
DA:7,3
DA:10,1
DA:12,1
DA:15,1
DA:16,2
DA:17,2
DA:19,2
DA:20,1
DA:23,1
DA:24,0
DA:27,1
DA:28,1
DA:30,1
DA:31,1
DA:33,1
DA:35,1
DA:36,5
DA:37,5
DA:39,5
DA:40,1
DA:43,4
DA:49,9
DA:50,6
DA:52,1
LF:26
LH:25
BRDA:6,0,0,3
BRDA:6,0,1,1
BRDA:19,1,0,1
BRDA:19,1,1,1
BRDA:23,2,0,0
BRDA:23,2,1,1
BRDA:39,3,0,1
BRDA:39,3,1,4
BRF:8
BRH:7
end_of_record
